<?xml version="1.0" encoding="UTF-8"?>
<testng-results ignored="0" total="1" passed="1" failed="0" skipped="0">
  <reporter-output>
  </reporter-output>
  <suite started-at="2022-04-01T10:32:16 IST" name="Suite" finished-at="2022-04-01T10:32:26 IST" duration-ms="9798">
    <groups>
    </groups>
    <test started-at="2022-04-01T10:32:16 IST" name="Test" finished-at="2022-04-01T10:32:26 IST" duration-ms="9798">
      <class name="com.jenkins.demo.SeleniumJenkinsDemo">
        <test-method signature="validateTitleOrangeHRM()[pri:0, instance:com.jenkins.demo.SeleniumJenkinsDemo@434a63ab]" started-at="2022-04-01T10:32:16 IST" name="validateTitleOrangeHRM" finished-at="2022-04-01T10:32:26 IST" duration-ms="9747" status="PASS">
          <reporter-output>
          </reporter-output>
        </test-method> <!-- validateTitleOrangeHRM -->
      </class> <!-- com.jenkins.demo.SeleniumJenkinsDemo -->
    </test> <!-- Test -->
  </suite> <!-- Suite -->
</testng-results>
